<?xml version="1.0" encoding="UTF-8"?>
<testng-results ignored="0" total="1" passed="1" failed="0" skipped="0">
  <reporter-output>
  </reporter-output>
  <suite started-at="2024-08-12T13:33:56 IST" name="Default suite" finished-at="2024-08-12T13:34:25 IST" duration-ms="28913">
    <groups>
    </groups>
    <test started-at="2024-08-12T13:33:56 IST" name="Default test" finished-at="2024-08-12T13:34:25 IST" duration-ms="28913">
      <class name="MobileElementScenarios.ScrollGesture">
        <test-method signature="scrollTest()[pri:0, instance:MobileElementScenarios.ScrollGesture@37afeb11]" started-at="2024-08-12T13:33:56 IST" name="scrollTest" finished-at="2024-08-12T13:34:25 IST" duration-ms="28837" status="PASS">
          <reporter-output>
          </reporter-output>
        </test-method> <!-- scrollTest -->
      </class> <!-- MobileElementScenarios.ScrollGesture -->
    </test> <!-- Default test -->
  </suite> <!-- Default suite -->
</testng-results>
